ERROR - 2025-06-11 03:32:39 --> Email: Unable to send email using SMTP. Your server might not be configured to send mail using this method.
ERROR - 2025-06-11 03:32:39 --> 220 smtp.gmail.com ESMTP d9443c01a7336-23603096a13sm78016535ad.76 - gsmtp

hello: 250-smtp.gmail.com at your service, [103.175.230.48]
250-SIZE 35882577
250-8BITMIME
250-STARTTLS
250-ENHANCEDSTATUSCODES
250-PIPELINING
250-CHUNKING
250 SMTPUTF8

starttls: 220 2.0.0 Ready to start TLS

hello: 250-smtp.gmail.com at your service, [103.175.230.48]
250-SIZE 35882577
250-8BITMIME
250-AUTH LOGIN PLAIN XOAUTH2 PLAIN-CLIENTTOKEN OAUTHBEARER XOAUTH
250-ENHANCEDSTATUSCODES
250-PIPELINING
250-CHUNKING
250 SMTPUTF8

from: 250 2.1.0 OK d9443c01a7336-23603096a13sm78016535ad.76 - gsmtp

to: 553-5.1.3 The recipient address <maisarohfebri@@gmail.com> is not a valid RFC
553-5.1.3 5321 address. For more information, go to
553-5.1.3  https://support.google.com/a/answer/3221692 and review RFC 5321
553 5.1.3 specifications. d9443c01a7336-23603096a13sm78016535ad.76 - gsmtp

The following SMTP error was encountered: 553-5.1.3 The recipient address <maisarohfebri@@gmail.com> is not a valid RFC
553-5.1.3 5321 address. For more information, go to
553-5.1.3  https://support.google.com/a/answer/3221692 and review RFC 5321
553 5.1.3 specifications. d9443c01a7336-23603096a13sm78016535ad.76 - gsmtp

quit: 221 2.0.0 closing connection d9443c01a7336-23603096a13sm78016535ad.76 - gsmtp

CRITICAL - 2025-06-11 03:51:28 --> CodeIgniter\View\Exceptions\ViewException: Invalid file: "email/form.php"
[Method: GET, Route: kirim-email]
in SYSTEMPATH\Exceptions\FrameworkException.php on line 39.
 1 SYSTEMPATH\View\View.php(212): CodeIgniter\Exceptions\FrameworkException::forInvalidFile('email/form.php')
 2 SYSTEMPATH\Common.php(1173): CodeIgniter\View\View->render('email/form', [], true)
 3 APPPATH\Controllers\EmailController.php(10): view('email/form')
 4 SYSTEMPATH\CodeIgniter.php(933): App\Controllers\EmailController->index()
 5 SYSTEMPATH\CodeIgniter.php(507): CodeIgniter\CodeIgniter->runController(Object(App\Controllers\EmailController))
 6 SYSTEMPATH\CodeIgniter.php(354): CodeIgniter\CodeIgniter->handleRequest(null, Object(Config\Cache), false)
 7 SYSTEMPATH\Boot.php(334): CodeIgniter\CodeIgniter->run()
 8 SYSTEMPATH\Boot.php(67): CodeIgniter\Boot::runCodeIgniter(Object(CodeIgniter\CodeIgniter))
 9 FCPATH\index.php(59): CodeIgniter\Boot::bootWeb(Object(Config\Paths))
CRITICAL - 2025-06-11 03:54:11 --> CodeIgniter\View\Exceptions\ViewException: Invalid file: "email/form.php"
[Method: GET, Route: kirim-email]
in SYSTEMPATH\Exceptions\FrameworkException.php on line 39.
 1 SYSTEMPATH\View\View.php(212): CodeIgniter\Exceptions\FrameworkException::forInvalidFile('email/form.php')
 2 SYSTEMPATH\Common.php(1173): CodeIgniter\View\View->render('email/form', [], true)
 3 APPPATH\Controllers\EmailController.php(11): view('email/form')
 4 SYSTEMPATH\CodeIgniter.php(933): App\Controllers\EmailController->index()
 5 SYSTEMPATH\CodeIgniter.php(507): CodeIgniter\CodeIgniter->runController(Object(App\Controllers\EmailController))
 6 SYSTEMPATH\CodeIgniter.php(354): CodeIgniter\CodeIgniter->handleRequest(null, Object(Config\Cache), false)
 7 SYSTEMPATH\Boot.php(334): CodeIgniter\CodeIgniter->run()
 8 SYSTEMPATH\Boot.php(67): CodeIgniter\Boot::runCodeIgniter(Object(CodeIgniter\CodeIgniter))
 9 FCPATH\index.php(59): CodeIgniter\Boot::bootWeb(Object(Config\Paths))
CRITICAL - 2025-06-11 03:55:03 --> CodeIgniter\View\Exceptions\ViewException: Invalid file: "email/form.php"
[Method: GET, Route: kirim-email]
in SYSTEMPATH\Exceptions\FrameworkException.php on line 39.
 1 SYSTEMPATH\View\View.php(212): CodeIgniter\Exceptions\FrameworkException::forInvalidFile('email/form.php')
 2 SYSTEMPATH\Common.php(1173): CodeIgniter\View\View->render('email/form', [], true)
 3 APPPATH\Controllers\EmailController.php(10): view('email/form')
 4 SYSTEMPATH\CodeIgniter.php(933): App\Controllers\EmailController->index()
 5 SYSTEMPATH\CodeIgniter.php(507): CodeIgniter\CodeIgniter->runController(Object(App\Controllers\EmailController))
 6 SYSTEMPATH\CodeIgniter.php(354): CodeIgniter\CodeIgniter->handleRequest(null, Object(Config\Cache), false)
 7 SYSTEMPATH\Boot.php(334): CodeIgniter\CodeIgniter->run()
 8 SYSTEMPATH\Boot.php(67): CodeIgniter\Boot::runCodeIgniter(Object(CodeIgniter\CodeIgniter))
 9 FCPATH\index.php(59): CodeIgniter\Boot::bootWeb(Object(Config\Paths))
CRITICAL - 2025-06-11 03:56:54 --> CodeIgniter\View\Exceptions\ViewException: Invalid file: "layout/header.php"
[Method: GET, Route: kirim-email]
in SYSTEMPATH\Exceptions\FrameworkException.php on line 39.
 1 SYSTEMPATH\View\View.php(212): CodeIgniter\Exceptions\FrameworkException::forInvalidFile('layout/header.php')
 2 SYSTEMPATH\View\View.php(475): CodeIgniter\View\View->render('layout/header', null, true)
 3 APPPATH\Views\email\form.php(1): CodeIgniter\View\View->include('layout/header')
 4 SYSTEMPATH\View\View.php(224): include('C:\\laragon\\www\\fixbisa3\\app\\Views\\email\\form.php')
 5 SYSTEMPATH\View\View.php(227): CodeIgniter\View\View->CodeIgniter\View\{closure}()
 6 SYSTEMPATH\Common.php(1173): CodeIgniter\View\View->render('email/form', [], true)
 7 APPPATH\Controllers\EmailController.php(10): view('email/form')
 8 SYSTEMPATH\CodeIgniter.php(933): App\Controllers\EmailController->index()
 9 SYSTEMPATH\CodeIgniter.php(507): CodeIgniter\CodeIgniter->runController(Object(App\Controllers\EmailController))
10 SYSTEMPATH\CodeIgniter.php(354): CodeIgniter\CodeIgniter->handleRequest(null, Object(Config\Cache), false)
11 SYSTEMPATH\Boot.php(334): CodeIgniter\CodeIgniter->run()
12 SYSTEMPATH\Boot.php(67): CodeIgniter\Boot::runCodeIgniter(Object(CodeIgniter\CodeIgniter))
13 FCPATH\index.php(59): CodeIgniter\Boot::bootWeb(Object(Config\Paths))
DEBUG - 2025-06-11 03:58:50 --> Session: Class initialized using 'CodeIgniter\Session\Handlers\FileHandler' driver.
DEBUG - 2025-06-11 03:59:10 --> Session: Class initialized using 'CodeIgniter\Session\Handlers\FileHandler' driver.
DEBUG - 2025-06-11 03:59:10 --> Session: Class initialized using 'CodeIgniter\Session\Handlers\FileHandler' driver.
DEBUG - 2025-06-11 03:59:32 --> Session: Class initialized using 'CodeIgniter\Session\Handlers\FileHandler' driver.
DEBUG - 2025-06-11 03:59:33 --> Session: Class initialized using 'CodeIgniter\Session\Handlers\FileHandler' driver.
DEBUG - 2025-06-11 03:59:45 --> Session: Class initialized using 'CodeIgniter\Session\Handlers\FileHandler' driver.
DEBUG - 2025-06-11 04:11:01 --> Session: Class initialized using 'CodeIgniter\Session\Handlers\FileHandler' driver.
DEBUG - 2025-06-11 04:11:14 --> Session: Class initialized using 'CodeIgniter\Session\Handlers\FileHandler' driver.
CRITICAL - 2025-06-11 04:11:41 --> CodeIgniter\View\Exceptions\ViewException: Invalid file: "layouts/sidebar.php"
[Method: GET, Route: barang/edit/1]
in SYSTEMPATH\Exceptions\FrameworkException.php on line 39.
 1 SYSTEMPATH\View\View.php(212): CodeIgniter\Exceptions\FrameworkException::forInvalidFile('layouts/sidebar.php')
 2 SYSTEMPATH\View\View.php(475): CodeIgniter\View\View->render('layouts/sidebar', null, true)
 3 APPPATH\Views\layouts\main.php(14): CodeIgniter\View\View->include('layouts/sidebar')
 4 SYSTEMPATH\View\View.php(224): include('C:\\laragon\\www\\fixbisa3\\app\\Views\\layouts\\main.php')
 5 SYSTEMPATH\View\View.php(227): CodeIgniter\View\View->CodeIgniter\View\{closure}()
 6 SYSTEMPATH\View\View.php(240): CodeIgniter\View\View->render('layouts/main', [], true)
 7 SYSTEMPATH\Common.php(1173): CodeIgniter\View\View->render('barang/form', [], true)
 8 APPPATH\Controllers\Barang.php(53): view('barang/form', [...])
 9 SYSTEMPATH\CodeIgniter.php(933): App\Controllers\Barang->edit('1')
10 SYSTEMPATH\CodeIgniter.php(507): CodeIgniter\CodeIgniter->runController(Object(App\Controllers\Barang))
11 SYSTEMPATH\CodeIgniter.php(354): CodeIgniter\CodeIgniter->handleRequest(null, Object(Config\Cache), false)
12 SYSTEMPATH\Boot.php(334): CodeIgniter\CodeIgniter->run()
13 SYSTEMPATH\Boot.php(67): CodeIgniter\Boot::runCodeIgniter(Object(CodeIgniter\CodeIgniter))
14 FCPATH\index.php(59): CodeIgniter\Boot::bootWeb(Object(Config\Paths))
DEBUG - 2025-06-11 04:12:10 --> Session: Class initialized using 'CodeIgniter\Session\Handlers\FileHandler' driver.
CRITICAL - 2025-06-11 04:12:22 --> CodeIgniter\View\Exceptions\ViewException: Invalid file: "layouts/sidebar.php"
[Method: GET, Route: barang/edit/1]
in SYSTEMPATH\Exceptions\FrameworkException.php on line 39.
 1 SYSTEMPATH\View\View.php(212): CodeIgniter\Exceptions\FrameworkException::forInvalidFile('layouts/sidebar.php')
 2 SYSTEMPATH\View\View.php(475): CodeIgniter\View\View->render('layouts/sidebar', null, true)
 3 APPPATH\Views\layouts\main.php(14): CodeIgniter\View\View->include('layouts/sidebar')
 4 SYSTEMPATH\View\View.php(224): include('C:\\laragon\\www\\fixbisa3\\app\\Views\\layouts\\main.php')
 5 SYSTEMPATH\View\View.php(227): CodeIgniter\View\View->CodeIgniter\View\{closure}()
 6 SYSTEMPATH\View\View.php(240): CodeIgniter\View\View->render('layouts/main', [], true)
 7 SYSTEMPATH\Common.php(1173): CodeIgniter\View\View->render('barang/form', [], true)
 8 APPPATH\Controllers\Barang.php(53): view('barang/form', [...])
 9 SYSTEMPATH\CodeIgniter.php(933): App\Controllers\Barang->edit('1')
10 SYSTEMPATH\CodeIgniter.php(507): CodeIgniter\CodeIgniter->runController(Object(App\Controllers\Barang))
11 SYSTEMPATH\CodeIgniter.php(354): CodeIgniter\CodeIgniter->handleRequest(null, Object(Config\Cache), false)
12 SYSTEMPATH\Boot.php(334): CodeIgniter\CodeIgniter->run()
13 SYSTEMPATH\Boot.php(67): CodeIgniter\Boot::runCodeIgniter(Object(CodeIgniter\CodeIgniter))
14 FCPATH\index.php(59): CodeIgniter\Boot::bootWeb(Object(Config\Paths))
DEBUG - 2025-06-11 05:14:09 --> Session: Class initialized using 'CodeIgniter\Session\Handlers\FileHandler' driver.
CRITICAL - 2025-06-11 06:03:59 --> CodeIgniter\View\Exceptions\ViewException: Invalid file: "layout/header.php"
[Method: GET, Route: kirim-email]
in SYSTEMPATH\Exceptions\FrameworkException.php on line 39.
 1 SYSTEMPATH\View\View.php(212): CodeIgniter\Exceptions\FrameworkException::forInvalidFile('layout/header.php')
 2 SYSTEMPATH\View\View.php(475): CodeIgniter\View\View->render('layout/header', null, true)
 3 APPPATH\Views\email\form.php(1): CodeIgniter\View\View->include('layout/header')
 4 SYSTEMPATH\View\View.php(224): include('C:\\laragon\\www\\fixbisa3\\app\\Views\\email\\form.php')
 5 SYSTEMPATH\View\View.php(227): CodeIgniter\View\View->CodeIgniter\View\{closure}()
 6 SYSTEMPATH\Common.php(1173): CodeIgniter\View\View->render('email/form', [], true)
 7 APPPATH\Controllers\EmailController.php(10): view('email/form')
 8 SYSTEMPATH\CodeIgniter.php(933): App\Controllers\EmailController->index()
 9 SYSTEMPATH\CodeIgniter.php(507): CodeIgniter\CodeIgniter->runController(Object(App\Controllers\EmailController))
10 SYSTEMPATH\CodeIgniter.php(354): CodeIgniter\CodeIgniter->handleRequest(null, Object(Config\Cache), false)
11 SYSTEMPATH\Boot.php(334): CodeIgniter\CodeIgniter->run()
12 SYSTEMPATH\Boot.php(67): CodeIgniter\Boot::runCodeIgniter(Object(CodeIgniter\CodeIgniter))
13 FCPATH\index.php(59): CodeIgniter\Boot::bootWeb(Object(Config\Paths))
CRITICAL - 2025-06-11 06:15:51 --> CodeIgniter\View\Exceptions\ViewException: Invalid file: "layout/header.php"
[Method: GET, Route: kirim-email]
in SYSTEMPATH\Exceptions\FrameworkException.php on line 39.
 1 SYSTEMPATH\View\View.php(212): CodeIgniter\Exceptions\FrameworkException::forInvalidFile('layout/header.php')
 2 SYSTEMPATH\View\View.php(475): CodeIgniter\View\View->render('layout/header', null, true)
 3 APPPATH\Views\email\form.php(1): CodeIgniter\View\View->include('layout/header')
 4 SYSTEMPATH\View\View.php(224): include('C:\\laragon\\www\\fixbisa3\\app\\Views\\email\\form.php')
 5 SYSTEMPATH\View\View.php(227): CodeIgniter\View\View->CodeIgniter\View\{closure}()
 6 SYSTEMPATH\Common.php(1173): CodeIgniter\View\View->render('email/form', [], true)
 7 APPPATH\Controllers\EmailController.php(10): view('email/form')
 8 SYSTEMPATH\CodeIgniter.php(933): App\Controllers\EmailController->index()
 9 SYSTEMPATH\CodeIgniter.php(507): CodeIgniter\CodeIgniter->runController(Object(App\Controllers\EmailController))
10 SYSTEMPATH\CodeIgniter.php(354): CodeIgniter\CodeIgniter->handleRequest(null, Object(Config\Cache), false)
11 SYSTEMPATH\Boot.php(334): CodeIgniter\CodeIgniter->run()
12 SYSTEMPATH\Boot.php(67): CodeIgniter\Boot::runCodeIgniter(Object(CodeIgniter\CodeIgniter))
13 FCPATH\index.php(59): CodeIgniter\Boot::bootWeb(Object(Config\Paths))
CRITICAL - 2025-06-11 06:15:51 --> CodeIgniter\View\Exceptions\ViewException: Invalid file: "layout/header.php"
[Method: GET, Route: kirim-email]
in SYSTEMPATH\Exceptions\FrameworkException.php on line 39.
 1 SYSTEMPATH\View\View.php(212): CodeIgniter\Exceptions\FrameworkException::forInvalidFile('layout/header.php')
 2 SYSTEMPATH\View\View.php(475): CodeIgniter\View\View->render('layout/header', null, true)
 3 APPPATH\Views\email\form.php(1): CodeIgniter\View\View->include('layout/header')
 4 SYSTEMPATH\View\View.php(224): include('C:\\laragon\\www\\fixbisa3\\app\\Views\\email\\form.php')
 5 SYSTEMPATH\View\View.php(227): CodeIgniter\View\View->CodeIgniter\View\{closure}()
 6 SYSTEMPATH\Common.php(1173): CodeIgniter\View\View->render('email/form', [], true)
 7 APPPATH\Controllers\EmailController.php(10): view('email/form')
 8 SYSTEMPATH\CodeIgniter.php(933): App\Controllers\EmailController->index()
 9 SYSTEMPATH\CodeIgniter.php(507): CodeIgniter\CodeIgniter->runController(Object(App\Controllers\EmailController))
10 SYSTEMPATH\CodeIgniter.php(354): CodeIgniter\CodeIgniter->handleRequest(null, Object(Config\Cache), false)
11 SYSTEMPATH\Boot.php(334): CodeIgniter\CodeIgniter->run()
12 SYSTEMPATH\Boot.php(67): CodeIgniter\Boot::runCodeIgniter(Object(CodeIgniter\CodeIgniter))
13 FCPATH\index.php(59): CodeIgniter\Boot::bootWeb(Object(Config\Paths))
DEBUG - 2025-06-11 06:16:54 --> Session: Class initialized using 'CodeIgniter\Session\Handlers\FileHandler' driver.
DEBUG - 2025-06-11 06:17:29 --> Session: Class initialized using 'CodeIgniter\Session\Handlers\FileHandler' driver.
DEBUG - 2025-06-11 06:17:30 --> Session: Class initialized using 'CodeIgniter\Session\Handlers\FileHandler' driver.
DEBUG - 2025-06-11 06:18:06 --> Session: Class initialized using 'CodeIgniter\Session\Handlers\FileHandler' driver.
DEBUG - 2025-06-11 06:18:06 --> Session: Class initialized using 'CodeIgniter\Session\Handlers\FileHandler' driver.
DEBUG - 2025-06-11 06:21:21 --> Session: Class initialized using 'CodeIgniter\Session\Handlers\FileHandler' driver.
DEBUG - 2025-06-11 06:21:21 --> Session: Class initialized using 'CodeIgniter\Session\Handlers\FileHandler' driver.
DEBUG - 2025-06-11 06:21:52 --> Session: Class initialized using 'CodeIgniter\Session\Handlers\FileHandler' driver.
DEBUG - 2025-06-11 06:21:52 --> Session: Class initialized using 'CodeIgniter\Session\Handlers\FileHandler' driver.
DEBUG - 2025-06-11 06:22:13 --> Session: Class initialized using 'CodeIgniter\Session\Handlers\FileHandler' driver.
DEBUG - 2025-06-11 06:38:25 --> Session: Class initialized using 'CodeIgniter\Session\Handlers\FileHandler' driver.
DEBUG - 2025-06-11 06:38:44 --> Session: Class initialized using 'CodeIgniter\Session\Handlers\FileHandler' driver.
DEBUG - 2025-06-11 06:38:44 --> Session: Class initialized using 'CodeIgniter\Session\Handlers\FileHandler' driver.
DEBUG - 2025-06-11 06:40:38 --> Session: Class initialized using 'CodeIgniter\Session\Handlers\FileHandler' driver.
DEBUG - 2025-06-11 06:40:38 --> Session: Class initialized using 'CodeIgniter\Session\Handlers\FileHandler' driver.
CRITICAL - 2025-06-11 06:46:24 --> ErrorException: Undefined variable $title
[Method: GET, Route: barang/exportPdf]
in APPPATH\Views\barang\pdf.php on line 5.
 1 APPPATH\Views\barang\pdf.php(5): CodeIgniter\Debug\Exceptions->errorHandler(2, 'Undefined variable $title', 'C:\\laragon\\www\\fixbisa3\\app\\Views\\barang\\pdf.php', 5)
 2 SYSTEMPATH\View\View.php(224): include('C:\\laragon\\www\\fixbisa3\\app\\Views\\barang\\pdf.php')
 3 SYSTEMPATH\View\View.php(227): CodeIgniter\View\View->CodeIgniter\View\{closure}()
 4 SYSTEMPATH\Common.php(1173): CodeIgniter\View\View->render('barang/pdf', [], true)
 5 APPPATH\Controllers\Barang.php(183): view('barang/pdf', [...])
 6 SYSTEMPATH\CodeIgniter.php(933): App\Controllers\Barang->exportPDF()
 7 SYSTEMPATH\CodeIgniter.php(507): CodeIgniter\CodeIgniter->runController(Object(App\Controllers\Barang))
 8 SYSTEMPATH\CodeIgniter.php(354): CodeIgniter\CodeIgniter->handleRequest(null, Object(Config\Cache), false)
 9 SYSTEMPATH\Boot.php(334): CodeIgniter\CodeIgniter->run()
10 SYSTEMPATH\Boot.php(67): CodeIgniter\Boot::runCodeIgniter(Object(CodeIgniter\CodeIgniter))
11 FCPATH\index.php(59): CodeIgniter\Boot::bootWeb(Object(Config\Paths))
DEBUG - 2025-06-11 06:47:41 --> Session: Class initialized using 'CodeIgniter\Session\Handlers\FileHandler' driver.
DEBUG - 2025-06-11 06:47:54 --> Session: Class initialized using 'CodeIgniter\Session\Handlers\FileHandler' driver.
DEBUG - 2025-06-11 06:48:13 --> Session: Class initialized using 'CodeIgniter\Session\Handlers\FileHandler' driver.
CRITICAL - 2025-06-11 06:49:44 --> ErrorException: Undefined variable $title
[Method: GET, Route: barang/exportPdf]
in APPPATH\Views\barang\pdf.php on line 5.
 1 APPPATH\Views\barang\pdf.php(5): CodeIgniter\Debug\Exceptions->errorHandler(2, 'Undefined variable $title', 'C:\\laragon\\www\\fixbisa3\\app\\Views\\barang\\pdf.php', 5)
 2 SYSTEMPATH\View\View.php(224): include('C:\\laragon\\www\\fixbisa3\\app\\Views\\barang\\pdf.php')
 3 SYSTEMPATH\View\View.php(227): CodeIgniter\View\View->CodeIgniter\View\{closure}()
 4 SYSTEMPATH\Common.php(1173): CodeIgniter\View\View->render('barang/pdf', [], true)
 5 APPPATH\Controllers\Barang.php(183): view('barang/pdf', [...])
 6 SYSTEMPATH\CodeIgniter.php(933): App\Controllers\Barang->exportPDF()
 7 SYSTEMPATH\CodeIgniter.php(507): CodeIgniter\CodeIgniter->runController(Object(App\Controllers\Barang))
 8 SYSTEMPATH\CodeIgniter.php(354): CodeIgniter\CodeIgniter->handleRequest(null, Object(Config\Cache), false)
 9 SYSTEMPATH\Boot.php(334): CodeIgniter\CodeIgniter->run()
10 SYSTEMPATH\Boot.php(67): CodeIgniter\Boot::runCodeIgniter(Object(CodeIgniter\CodeIgniter))
11 FCPATH\index.php(59): CodeIgniter\Boot::bootWeb(Object(Config\Paths))
CRITICAL - 2025-06-11 06:51:05 --> CodeIgniter\Exceptions\BadMethodCallException: Call to undefined method App\Models\BarangModel::getBarangWithKategori
[Method: GET, Route: barang/exportPdf]
in SYSTEMPATH\Model.php on line 930.
 1 APPPATH\Controllers\Barang.php(184): CodeIgniter\Model->__call('getBarangWithKategori', [])
 2 SYSTEMPATH\CodeIgniter.php(933): App\Controllers\Barang->exportPdf()
 3 SYSTEMPATH\CodeIgniter.php(507): CodeIgniter\CodeIgniter->runController(Object(App\Controllers\Barang))
 4 SYSTEMPATH\CodeIgniter.php(354): CodeIgniter\CodeIgniter->handleRequest(null, Object(Config\Cache), false)
 5 SYSTEMPATH\Boot.php(334): CodeIgniter\CodeIgniter->run()
 6 SYSTEMPATH\Boot.php(67): CodeIgniter\Boot::runCodeIgniter(Object(CodeIgniter\CodeIgniter))
 7 FCPATH\index.php(59): CodeIgniter\Boot::bootWeb(Object(Config\Paths))
CRITICAL - 2025-06-11 06:51:38 --> ErrorException: Undefined variable $title
[Method: GET, Route: barang/exportPdf]
in APPPATH\Views\barang\pdf.php on line 5.
 1 APPPATH\Views\barang\pdf.php(5): CodeIgniter\Debug\Exceptions->errorHandler(2, 'Undefined variable $title', 'C:\\laragon\\www\\fixbisa3\\app\\Views\\barang\\pdf.php', 5)
 2 SYSTEMPATH\View\View.php(224): include('C:\\laragon\\www\\fixbisa3\\app\\Views\\barang\\pdf.php')
 3 SYSTEMPATH\View\View.php(227): CodeIgniter\View\View->CodeIgniter\View\{closure}()
 4 SYSTEMPATH\Common.php(1173): CodeIgniter\View\View->render('barang/pdf', [], true)
 5 APPPATH\Controllers\Barang.php(183): view('barang/pdf', [...])
 6 SYSTEMPATH\CodeIgniter.php(933): App\Controllers\Barang->exportPDF()
 7 SYSTEMPATH\CodeIgniter.php(507): CodeIgniter\CodeIgniter->runController(Object(App\Controllers\Barang))
 8 SYSTEMPATH\CodeIgniter.php(354): CodeIgniter\CodeIgniter->handleRequest(null, Object(Config\Cache), false)
 9 SYSTEMPATH\Boot.php(334): CodeIgniter\CodeIgniter->run()
10 SYSTEMPATH\Boot.php(67): CodeIgniter\Boot::runCodeIgniter(Object(CodeIgniter\CodeIgniter))
11 FCPATH\index.php(59): CodeIgniter\Boot::bootWeb(Object(Config\Paths))
DEBUG - 2025-06-11 07:05:22 --> Session: Class initialized using 'CodeIgniter\Session\Handlers\FileHandler' driver.
DEBUG - 2025-06-11 10:33:56 --> Session: Class initialized using 'CodeIgniter\Session\Handlers\FileHandler' driver.
